WARNING 2019-06-12 01:46:09,339 basehttp 154 "GET /static/admin/css/fonts.css HTTP/1.1" 404 1688
INFO 2019-06-12 01:46:09,514 basehttp 154 "GET /favicon.ico HTTP/1.1" 200 16286
INFO 2019-06-12 01:46:16,182 basehttp 154 "GET /admin HTTP/1.1" 200 16286
WARNING 2019-06-12 01:46:16,318 basehttp 154 "GET /static/admin/css/fonts.css HTTP/1.1" 404 1688
INFO 2019-06-12 01:46:16,371 basehttp 154 "GET /favicon.ico HTTP/1.1" 200 16286
INFO 2019-06-12 11:33:59,637 basehttp 154 "GET / HTTP/1.1" 200 16286
WARNING 2019-06-12 11:33:59,693 basehttp 154 "GET /static/admin/css/fonts.css HTTP/1.1" 404 1688
INFO 2019-06-12 11:33:59,810 basehttp 154 "GET /favicon.ico HTTP/1.1" 200 16286
INFO 2019-06-13 14:44:30,049 basehttp 154 "GET / HTTP/1.1" 200 17069
WARNING 2019-06-13 14:44:31,002 basehttp 154 "GET /static/css/base/reset.css HTTP/1.1" 404 1685
WARNING 2019-06-13 14:44:31,002 basehttp 154 "GET /static/css/base/common.css HTTP/1.1" 404 1688
INFO 2019-06-13 14:44:31,174 basehttp 154 "GET /static/css/base/side.css HTTP/1.1" 200 4429
WARNING 2019-06-13 14:44:31,175 basehttp 154 "GET /static/css/news/index.css HTTP/1.1" 404 1685
WARNING 2019-06-13 14:44:31,270 basehttp 154 "GET /static/images/ui.png HTTP/1.1" 404 1670
WARNING 2019-06-13 14:44:31,271 basehttp 154 "GET /static/images/youxi.png HTTP/1.1" 404 1679
WARNING 2019-06-13 14:44:31,600 basehttp 154 "GET /static/images/zimeiti.png HTTP/1.1" 404 1685
WARNING 2019-06-13 14:44:31,607 basehttp 154 "GET /static/images/dianshang.png HTTP/1.1" 404 1691
WARNING 2019-06-13 14:44:31,611 basehttp 154 "GET /static/images/linux.jpg HTTP/1.1" 404 1679
WARNING 2019-06-13 14:44:31,611 basehttp 154 "GET /static/images/python_gui.jpg HTTP/1.1" 404 1694
WARNING 2019-06-13 14:44:31,687 basehttp 154 "GET /static/images/jichujiaochen.jpeg HTTP/1.1" 404 1706
WARNING 2019-06-13 14:44:31,699 basehttp 154 "GET /static/js/index.js HTTP/1.1" 404 1664
WARNING 2019-06-13 14:44:31,699 basehttp 154 "GET /static/images/english.jpg HTTP/1.1" 404 1685
WARNING 2019-06-13 14:44:31,699 basehttp 154 "GET /static/images/python_advanced.jpg HTTP/1.1" 404 1709
WARNING 2019-06-13 14:44:31,714 basehttp 154 "GET /static/images/python_web.jpg HTTP/1.1" 404 1694
WARNING 2019-06-13 14:44:31,715 basehttp 154 "GET /static/js/commons.js HTTP/1.1" 404 1670
WARNING 2019-06-13 14:44:31,727 basehttp 154 "GET /static/images/wechat2.jpg HTTP/1.1" 404 1685
WARNING 2019-06-13 14:44:32,033 basehttp 154 "GET /static/js/commons.js HTTP/1.1" 404 1670
WARNING 2019-06-13 14:44:32,039 basehttp 154 "GET /static/js/index.js HTTP/1.1" 404 1664
WARNING 2019-06-13 14:44:32,162 log 228 Not Found: /favicon.ico
WARNING 2019-06-13 14:44:32,162 basehttp 154 "GET /favicon.ico HTTP/1.1" 404 2042
INFO 2019-06-13 14:44:34,592 basehttp 154 "GET / HTTP/1.1" 200 17069
WARNING 2019-06-13 14:44:34,688 basehttp 154 "GET /static/css/base/reset.css HTTP/1.1" 404 1685
WARNING 2019-06-13 14:44:34,689 basehttp 154 "GET /static/css/base/common.css HTTP/1.1" 404 1688
WARNING 2019-06-13 14:44:34,738 basehttp 154 "GET /static/images/youxi.png HTTP/1.1" 404 1679
WARNING 2019-06-13 14:44:34,739 basehttp 154 "GET /static/css/news/index.css HTTP/1.1" 404 1685
WARNING 2019-06-13 14:44:34,743 basehttp 154 "GET /static/images/ui.png HTTP/1.1" 404 1670
WARNING 2019-06-13 14:44:34,764 basehttp 154 "GET /static/js/commons.js HTTP/1.1" 404 1670
WARNING 2019-06-13 14:44:34,769 basehttp 154 "GET /static/js/index.js HTTP/1.1" 404 1664
WARNING 2019-06-13 14:44:34,785 basehttp 154 "GET /static/images/dianshang.png HTTP/1.1" 404 1691
WARNING 2019-06-13 14:44:34,785 basehttp 154 "GET /static/images/zimeiti.png HTTP/1.1" 404 1685
WARNING 2019-06-13 14:44:34,804 basehttp 154 "GET /static/images/python_gui.jpg HTTP/1.1" 404 1694
WARNING 2019-06-13 14:44:34,812 basehttp 154 "GET /static/images/linux.jpg HTTP/1.1" 404 1679
WARNING 2019-06-13 14:44:34,830 basehttp 154 "GET /static/images/python_advanced.jpg HTTP/1.1" 404 1709
WARNING 2019-06-13 14:44:34,837 basehttp 154 "GET /static/images/jichujiaochen.jpeg HTTP/1.1" 404 1706
WARNING 2019-06-13 14:44:34,845 basehttp 154 "GET /static/images/wechat2.jpg HTTP/1.1" 404 1685
WARNING 2019-06-13 14:44:34,846 basehttp 154 "GET /static/images/english.jpg HTTP/1.1" 404 1685
WARNING 2019-06-13 14:44:34,847 basehttp 154 "GET /static/images/python_web.jpg HTTP/1.1" 404 1694
INFO 2019-06-13 14:44:35,459 basehttp 154 "GET / HTTP/1.1" 200 17069
WARNING 2019-06-13 14:44:35,477 basehttp 154 "GET /static/css/base/reset.css HTTP/1.1" 404 1685
WARNING 2019-06-13 14:44:35,478 basehttp 154 "GET /static/css/base/common.css HTTP/1.1" 404 1688
WARNING 2019-06-13 14:44:36,485 basehttp 154 "GET /static/images/ui.png HTTP/1.1" 404 1670
WARNING 2019-06-13 14:44:36,497 basehttp 154 "GET /static/images/dianshang.png HTTP/1.1" 404 1691
WARNING 2019-06-13 14:44:36,498 basehttp 154 "GET /static/css/news/index.css HTTP/1.1" 404 1685
WARNING 2019-06-13 14:44:36,659 basehttp 154 "GET /static/images/zimeiti.png HTTP/1.1" 404 1685
WARNING 2019-06-13 14:44:36,672 basehttp 154 "GET /static/images/youxi.png HTTP/1.1" 404 1679
WARNING 2019-06-13 14:44:36,672 basehttp 154 "GET /static/js/commons.js HTTP/1.1" 404 1670
WARNING 2019-06-13 14:44:36,765 basehttp 154 "GET /static/js/index.js HTTP/1.1" 404 1664
WARNING 2019-06-13 14:44:36,837 basehttp 154 "GET /static/images/python_gui.jpg HTTP/1.1" 404 1694
WARNING 2019-06-13 14:44:36,838 basehttp 154 "GET /static/images/linux.jpg HTTP/1.1" 404 1679
WARNING 2019-06-13 14:44:36,909 basehttp 154 "GET /static/images/python_advanced.jpg HTTP/1.1" 404 1709
WARNING 2019-06-13 14:44:36,912 basehttp 154 "GET /static/images/jichujiaochen.jpeg HTTP/1.1" 404 1706
WARNING 2019-06-13 14:44:36,914 basehttp 154 "GET /static/images/english.jpg HTTP/1.1" 404 1685
WARNING 2019-06-13 14:44:37,057 basehttp 154 "GET /static/images/wechat2.jpg HTTP/1.1" 404 1685
WARNING 2019-06-13 14:44:37,189 basehttp 154 "GET /static/images/python_web.jpg HTTP/1.1" 404 1694
INFO 2019-06-13 14:44:42,963 basehttp 154 "GET / HTTP/1.1" 200 17069
WARNING 2019-06-13 14:44:43,014 basehttp 154 "GET /static/css/base/reset.css HTTP/1.1" 404 1685
WARNING 2019-06-13 14:44:43,020 basehttp 154 "GET /static/images/ui.png HTTP/1.1" 404 1670
WARNING 2019-06-13 14:44:43,035 basehttp 154 "GET /static/images/youxi.png HTTP/1.1" 404 1679
WARNING 2019-06-13 14:44:43,037 basehttp 154 "GET /static/css/news/index.css HTTP/1.1" 404 1685
WARNING 2019-06-13 14:44:43,043 basehttp 154 "GET /static/css/base/common.css HTTP/1.1" 404 1688
WARNING 2019-06-13 14:44:43,674 basehttp 154 "GET /static/images/dianshang.png HTTP/1.1" 404 1691
WARNING 2019-06-13 14:44:43,675 basehttp 154 "GET /static/images/linux.jpg HTTP/1.1" 404 1679
WARNING 2019-06-13 14:44:43,679 basehttp 154 "GET /static/images/python_gui.jpg HTTP/1.1" 404 1694
WARNING 2019-06-13 14:44:43,686 basehttp 154 "GET /static/images/zimeiti.png HTTP/1.1" 404 1685
WARNING 2019-06-13 14:44:43,704 basehttp 154 "GET /static/images/python_advanced.jpg HTTP/1.1" 404 1709
WARNING 2019-06-13 14:44:43,714 basehttp 154 "GET /static/images/english.jpg HTTP/1.1" 404 1685
WARNING 2019-06-13 14:44:43,737 basehttp 154 "GET /static/js/commons.js HTTP/1.1" 404 1670
WARNING 2019-06-13 14:44:43,737 basehttp 154 "GET /static/js/index.js HTTP/1.1" 404 1664
WARNING 2019-06-13 14:44:43,728 basehttp 154 "GET /static/images/jichujiaochen.jpeg HTTP/1.1" 404 1706
WARNING 2019-06-13 14:44:43,714 basehttp 154 "GET /static/images/python_web.jpg HTTP/1.1" 404 1694
WARNING 2019-06-13 14:44:43,735 basehttp 154 "GET /static/images/wechat2.jpg HTTP/1.1" 404 1685
INFO 2019-06-13 14:47:03,871 basehttp 154 "GET / HTTP/1.1" 200 17069
WARNING 2019-06-13 14:47:03,907 basehttp 154 "GET /static/css/base/reset.css HTTP/1.1" 404 1685
INFO 2019-06-13 14:47:03,910 basehttp 154 "GET /static/css/base/side.css HTTP/1.1" 304 0
WARNING 2019-06-13 14:47:03,965 basehttp 154 "GET /static/css/base/common.css HTTP/1.1" 404 1688
WARNING 2019-06-13 14:47:03,976 basehttp 154 "GET /static/images/ui.png HTTP/1.1" 404 1670
WARNING 2019-06-13 14:47:03,986 basehttp 154 "GET /static/css/news/index.css HTTP/1.1" 404 1685
WARNING 2019-06-13 14:47:04,084 basehttp 154 "GET /static/js/commons.js HTTP/1.1" 404 1670
WARNING 2019-06-13 14:47:04,084 basehttp 154 "GET /static/images/dianshang.png HTTP/1.1" 404 1691
WARNING 2019-06-13 14:47:04,084 basehttp 154 "GET /static/images/youxi.png HTTP/1.1" 404 1679
WARNING 2019-06-13 14:47:04,093 basehttp 154 "GET /static/images/python_gui.jpg HTTP/1.1" 404 1694
WARNING 2019-06-13 14:47:04,105 basehttp 154 "GET /static/js/index.js HTTP/1.1" 404 1664
WARNING 2019-06-13 14:47:04,109 basehttp 154 "GET /static/images/zimeiti.png HTTP/1.1" 404 1685
WARNING 2019-06-13 14:47:04,110 basehttp 154 "GET /static/images/linux.jpg HTTP/1.1" 404 1679
WARNING 2019-06-13 14:47:04,155 basehttp 154 "GET /static/images/english.jpg HTTP/1.1" 404 1685
WARNING 2019-06-13 14:47:04,155 basehttp 154 "GET /static/images/python_advanced.jpg HTTP/1.1" 404 1709
WARNING 2019-06-13 14:47:04,156 basehttp 154 "GET /static/images/jichujiaochen.jpeg HTTP/1.1" 404 1706
WARNING 2019-06-13 14:47:04,165 basehttp 154 "GET /static/images/python_web.jpg HTTP/1.1" 404 1694
WARNING 2019-06-13 14:47:04,166 basehttp 154 "GET /static/images/wechat2.jpg HTTP/1.1" 404 1685
INFO 2019-06-13 14:47:05,337 basehttp 154 "GET / HTTP/1.1" 200 17069
WARNING 2019-06-13 14:47:05,354 basehttp 154 "GET /static/css/base/reset.css HTTP/1.1" 404 1685
WARNING 2019-06-13 14:47:05,358 basehttp 154 "GET /static/css/base/common.css HTTP/1.1" 404 1688
WARNING 2019-06-13 14:47:05,411 basehttp 154 "GET /static/images/ui.png HTTP/1.1" 404 1670
WARNING 2019-06-13 14:47:05,419 basehttp 154 "GET /static/images/youxi.png HTTP/1.1" 404 1679
WARNING 2019-06-13 14:47:05,424 basehttp 154 "GET /static/css/news/index.css HTTP/1.1" 404 1685
WARNING 2019-06-13 14:47:05,425 basehttp 154 "GET /static/images/dianshang.png HTTP/1.1" 404 1691
WARNING 2019-06-13 14:47:05,432 basehttp 154 "GET /static/images/zimeiti.png HTTP/1.1" 404 1685
WARNING 2019-06-13 14:47:05,444 basehttp 154 "GET /static/images/python_gui.jpg HTTP/1.1" 404 1694
WARNING 2019-06-13 14:47:05,449 basehttp 154 "GET /static/js/commons.js HTTP/1.1" 404 1670
WARNING 2019-06-13 14:47:05,456 basehttp 154 "GET /static/images/linux.jpg HTTP/1.1" 404 1679
WARNING 2019-06-13 14:47:05,482 basehttp 154 "GET /static/js/index.js HTTP/1.1" 404 1664
WARNING 2019-06-13 14:47:05,493 basehttp 154 "GET /static/images/python_advanced.jpg HTTP/1.1" 404 1709
WARNING 2019-06-13 14:47:05,502 basehttp 154 "GET /static/images/jichujiaochen.jpeg HTTP/1.1" 404 1706
WARNING 2019-06-13 14:47:05,506 basehttp 154 "GET /static/images/english.jpg HTTP/1.1" 404 1685
WARNING 2019-06-13 14:47:05,507 basehttp 154 "GET /static/images/python_web.jpg HTTP/1.1" 404 1694
INFO 2019-06-13 14:50:41,331 basehttp 154 "GET / HTTP/1.1" 200 17067
WARNING 2019-06-13 14:50:41,458 basehttp 154 "GET /static/css/base/common.css HTTP/1.1" 404 1688
WARNING 2019-06-13 14:50:41,458 basehttp 154 "GET /static/css/base/reset.css HTTP/1.1" 404 1685
INFO 2019-06-13 14:50:41,483 basehttp 154 "GET /static/css/base/side.css HTTP/1.1" 304 0
WARNING 2019-06-13 14:50:41,483 basehttp 154 "GET /static/images/ui.png HTTP/1.1" 404 1670
WARNING 2019-06-13 14:50:41,484 basehttp 154 "GET /static/css/news/index.css HTTP/1.1" 404 1685
WARNING 2019-06-13 14:50:41,485 basehttp 154 "GET /static/images/youxi.png HTTP/1.1" 404 1679
WARNING 2019-06-13 14:50:41,609 basehttp 154 "GET /static/js/commons.js HTTP/1.1" 404 1670
WARNING 2019-06-13 14:50:41,625 basehttp 154 "GET /static/images/dianshang.png HTTP/1.1" 404 1691
WARNING 2019-06-13 14:50:41,630 basehttp 154 "GET /static/images/python_advanced.jpg HTTP/1.1" 404 1709
WARNING 2019-06-13 14:50:41,631 basehttp 154 "GET /static/images/zimeiti.png HTTP/1.1" 404 1685
WARNING 2019-06-13 14:50:41,632 basehttp 154 "GET /static/js/index.js HTTP/1.1" 404 1664
WARNING 2019-06-13 14:50:41,645 basehttp 154 "GET /static/images/linux.jpg HTTP/1.1" 404 1679
WARNING 2019-06-13 14:50:41,663 basehttp 154 "GET /static/images/python_gui.jpg HTTP/1.1" 404 1694
WARNING 2019-06-13 14:50:41,671 basehttp 154 "GET /static/images/jichujiaochen.jpeg HTTP/1.1" 404 1706
WARNING 2019-06-13 14:50:41,681 basehttp 154 "GET /static/images/python_web.jpg HTTP/1.1" 404 1694
WARNING 2019-06-13 14:50:41,681 basehttp 154 "GET /static/images/english.jpg HTTP/1.1" 404 1685
WARNING 2019-06-13 14:50:41,827 basehttp 154 "GET /static/js/commons.js HTTP/1.1" 404 1670
WARNING 2019-06-13 14:50:41,878 basehttp 154 "GET /static/js/index.js HTTP/1.1" 404 1664
WARNING 2019-06-13 14:50:44,176 basehttp 154 "GET /static/css/base/reset.css HTTP/1.1" 404 1685
WARNING 2019-06-13 14:50:44,183 basehttp 154 "GET /static/css/base/common.css HTTP/1.1" 404 1688
WARNING 2019-06-13 14:50:44,192 basehttp 154 "GET /static/css/news/index.css HTTP/1.1" 404 1685
INFO 2019-06-13 14:53:24,210 basehttp 154 "GET / HTTP/1.1" 200 17075
WARNING 2019-06-13 14:53:24,297 basehttp 154 "GET /static/css/base/reset.css HTTP/1.1" 404 1685
WARNING 2019-06-13 14:53:24,301 basehttp 154 "GET /static/css/base/common.css HTTP/1.1" 404 1688
WARNING 2019-06-13 14:53:24,302 basehttp 154 "GET /static/css/news/index.css HTTP/1.1" 404 1685
WARNING 2019-06-13 14:53:24,308 basehttp 154 "GET /static/images/youxi.png HTTP/1.1" 404 1679
WARNING 2019-06-13 14:53:24,310 basehttp 154 "GET /static/images/ui.png HTTP/1.1" 404 1670
WARNING 2019-06-13 14:53:24,383 basehttp 154 "GET /static/images/dianshang.png HTTP/1.1" 404 1691
WARNING 2019-06-13 14:53:24,396 basehttp 154 "GET /static/js/base/common.js HTTP/1.1" 404 1682
WARNING 2019-06-13 14:53:24,410 basehttp 154 "GET /static/js/index.js HTTP/1.1" 404 1664
WARNING 2019-06-13 14:53:24,429 basehttp 154 "GET /static/images/linux.jpg HTTP/1.1" 404 1679
WARNING 2019-06-13 14:53:24,430 basehttp 154 "GET /static/images/zimeiti.png HTTP/1.1" 404 1685
WARNING 2019-06-13 14:53:24,442 basehttp 154 "GET /static/images/python_gui.jpg HTTP/1.1" 404 1694
WARNING 2019-06-13 14:53:24,457 basehttp 154 "GET /static/images/jichujiaochen.jpeg HTTP/1.1" 404 1706
WARNING 2019-06-13 14:53:24,462 basehttp 154 "GET /static/images/python_advanced.jpg HTTP/1.1" 404 1709
WARNING 2019-06-13 14:53:24,472 basehttp 154 "GET /static/images/english.jpg HTTP/1.1" 404 1685
WARNING 2019-06-13 14:53:24,472 basehttp 154 "GET /static/images/python_web.jpg HTTP/1.1" 404 1694
INFO 2019-06-13 14:53:25,231 basehttp 154 "GET / HTTP/1.1" 200 17075
WARNING 2019-06-13 14:53:25,289 basehttp 154 "GET /static/css/base/reset.css HTTP/1.1" 404 1685
WARNING 2019-06-13 14:53:25,294 basehttp 154 "GET /static/css/base/common.css HTTP/1.1" 404 1688
WARNING 2019-06-13 14:53:25,312 basehttp 154 "GET /static/css/news/index.css HTTP/1.1" 404 1685
WARNING 2019-06-13 14:53:25,319 basehttp 154 "GET /static/images/ui.png HTTP/1.1" 404 1670
WARNING 2019-06-13 14:53:25,487 basehttp 154 "GET /static/js/index.js HTTP/1.1" 404 1664
WARNING 2019-06-13 14:53:25,326 basehttp 154 "GET /static/images/youxi.png HTTP/1.1" 404 1679
WARNING 2019-06-13 14:53:25,425 basehttp 154 "GET /static/js/base/common.js HTTP/1.1" 404 1682
WARNING 2019-06-13 14:53:25,470 basehttp 154 "GET /static/images/python_gui.jpg HTTP/1.1" 404 1694
WARNING 2019-06-13 14:53:25,335 basehttp 154 "GET /static/images/dianshang.png HTTP/1.1" 404 1691
WARNING 2019-06-13 14:53:25,562 basehttp 154 "GET /static/images/linux.jpg HTTP/1.1" 404 1679
WARNING 2019-06-13 14:53:25,579 basehttp 154 "GET /static/images/zimeiti.png HTTP/1.1" 404 1685
WARNING 2019-06-13 14:53:25,633 basehttp 154 "GET /static/images/jichujiaochen.jpeg HTTP/1.1" 404 1706
WARNING 2019-06-13 14:53:25,639 basehttp 154 "GET /static/images/python_advanced.jpg HTTP/1.1" 404 1709
WARNING 2019-06-13 14:53:25,656 basehttp 154 "GET /static/images/python_web.jpg HTTP/1.1" 404 1694
WARNING 2019-06-13 14:53:25,670 basehttp 154 "GET /static/images/english.jpg HTTP/1.1" 404 1685
INFO 2019-06-13 14:58:07,785 basehttp 154 "GET / HTTP/1.1" 200 13588
WARNING 2019-06-13 14:58:07,810 basehttp 154 "GET /static/css/base/reset.css HTTP/1.1" 404 1685
INFO 2019-06-13 14:58:07,829 basehttp 154 "GET /static/css/base/side.css HTTP/1.1" 304 0
WARNING 2019-06-13 14:58:07,836 basehttp 154 "GET /static/css/base/common.css HTTP/1.1" 404 1688
WARNING 2019-06-13 14:58:07,854 basehttp 154 "GET /static/images/ui.png HTTP/1.1" 404 1670
WARNING 2019-06-13 14:58:07,856 basehttp 154 "GET /static/css/news/index.css HTTP/1.1" 404 1685
WARNING 2019-06-13 14:58:07,861 basehttp 154 "GET /static/images/youxi.png HTTP/1.1" 404 1679
WARNING 2019-06-13 14:58:07,875 basehttp 154 "GET /static/images/zimeiti.png HTTP/1.1" 404 1685
WARNING 2019-06-13 14:58:07,877 basehttp 154 "GET /static/images/dianshang.png HTTP/1.1" 404 1691
WARNING 2019-06-13 14:58:07,887 basehttp 154 "GET /static/js/commons.js HTTP/1.1" 404 1670
WARNING 2019-06-13 14:58:07,889 basehttp 154 "GET /static/js/index.js HTTP/1.1" 404 1664
WARNING 2019-06-13 14:58:07,909 basehttp 154 "GET /static/images/linux.jpg HTTP/1.1" 404 1679
WARNING 2019-06-13 14:58:07,912 basehttp 154 "GET /static/images/jichujiaochen.jpeg HTTP/1.1" 404 1706
WARNING 2019-06-13 14:58:07,918 basehttp 154 "GET /static/images/python_gui.jpg HTTP/1.1" 404 1694
WARNING 2019-06-13 14:58:07,926 basehttp 154 "GET /static/images/python_advanced.jpg HTTP/1.1" 404 1709
INFO 2019-06-13 14:58:18,167 basehttp 154 "GET / HTTP/1.1" 200 13588
WARNING 2019-06-13 14:58:18,184 basehttp 154 "GET /static/css/base/reset.css HTTP/1.1" 404 1685
WARNING 2019-06-13 14:58:18,217 basehttp 154 "GET /static/css/base/common.css HTTP/1.1" 404 1688
WARNING 2019-06-13 14:58:18,237 basehttp 154 "GET /static/css/news/index.css HTTP/1.1" 404 1685
WARNING 2019-06-13 14:58:18,255 basehttp 154 "GET /static/images/ui.png HTTP/1.1" 404 1670
WARNING 2019-06-13 14:58:18,256 basehttp 154 "GET /static/images/youxi.png HTTP/1.1" 404 1679
WARNING 2019-06-13 14:58:18,265 basehttp 154 "GET /static/images/zimeiti.png HTTP/1.1" 404 1685
WARNING 2019-06-13 14:58:18,279 basehttp 154 "GET /static/images/dianshang.png HTTP/1.1" 404 1691
WARNING 2019-06-13 14:58:18,285 basehttp 154 "GET /static/images/linux.jpg HTTP/1.1" 404 1679
WARNING 2019-06-13 14:58:18,298 basehttp 154 "GET /static/images/python_gui.jpg HTTP/1.1" 404 1694
WARNING 2019-06-13 14:58:18,306 basehttp 154 "GET /static/js/commons.js HTTP/1.1" 404 1670
WARNING 2019-06-13 14:58:18,305 basehttp 154 "GET /static/images/jichujiaochen.jpeg HTTP/1.1" 404 1706
WARNING 2019-06-13 14:58:18,309 basehttp 154 "GET /static/images/python_advanced.jpg HTTP/1.1" 404 1709
WARNING 2019-06-13 14:58:18,318 basehttp 154 "GET /static/js/index.js HTTP/1.1" 404 1664
INFO 2019-06-13 14:58:19,750 basehttp 154 "GET / HTTP/1.1" 200 13588
WARNING 2019-06-13 14:58:19,772 basehttp 154 "GET /static/css/base/common.css HTTP/1.1" 404 1688
WARNING 2019-06-13 14:58:19,788 basehttp 154 "GET /static/css/base/reset.css HTTP/1.1" 404 1685
WARNING 2019-06-13 14:58:19,803 basehttp 154 "GET /static/css/news/index.css HTTP/1.1" 404 1685
WARNING 2019-06-13 14:58:19,807 basehttp 154 "GET /static/images/ui.png HTTP/1.1" 404 1670
WARNING 2019-06-13 14:58:19,814 basehttp 154 "GET /static/images/youxi.png HTTP/1.1" 404 1679
WARNING 2019-06-13 14:58:19,825 basehttp 154 "GET /static/images/linux.jpg HTTP/1.1" 404 1679
WARNING 2019-06-13 14:58:19,836 basehttp 154 "GET /static/images/python_gui.jpg HTTP/1.1" 404 1694
WARNING 2019-06-13 14:58:19,836 basehttp 154 "GET /static/images/dianshang.png HTTP/1.1" 404 1691
WARNING 2019-06-13 14:58:19,838 basehttp 154 "GET /static/images/zimeiti.png HTTP/1.1" 404 1685
WARNING 2019-06-13 14:58:19,842 basehttp 154 "GET /static/images/python_advanced.jpg HTTP/1.1" 404 1709
WARNING 2019-06-13 14:58:19,852 basehttp 154 "GET /static/images/jichujiaochen.jpeg HTTP/1.1" 404 1706
WARNING 2019-06-13 14:58:19,875 basehttp 154 "GET /static/js/commons.js HTTP/1.1" 404 1670
WARNING 2019-06-13 14:58:19,878 basehttp 154 "GET /static/js/index.js HTTP/1.1" 404 1664
INFO 2019-06-13 14:58:20,487 basehttp 154 "GET / HTTP/1.1" 200 13588
WARNING 2019-06-13 14:58:20,510 basehttp 154 "GET /static/css/base/common.css HTTP/1.1" 404 1688
WARNING 2019-06-13 14:58:20,520 basehttp 154 "GET /static/css/news/index.css HTTP/1.1" 404 1685
WARNING 2019-06-13 14:58:20,527 basehttp 154 "GET /static/css/base/reset.css HTTP/1.1" 404 1685
WARNING 2019-06-13 14:58:20,547 basehttp 154 "GET /static/js/index.js HTTP/1.1" 404 1664
WARNING 2019-06-13 14:58:20,549 basehttp 154 "GET /static/images/ui.png HTTP/1.1" 404 1670
WARNING 2019-06-13 14:58:20,551 basehttp 154 "GET /static/js/commons.js HTTP/1.1" 404 1670
WARNING 2019-06-13 14:58:20,554 basehttp 154 "GET /static/images/dianshang.png HTTP/1.1" 404 1691
WARNING 2019-06-13 14:58:20,568 basehttp 154 "GET /static/images/youxi.png HTTP/1.1" 404 1679
WARNING 2019-06-13 14:58:20,585 basehttp 154 "GET /static/images/zimeiti.png HTTP/1.1" 404 1685
WARNING 2019-06-13 14:58:20,589 basehttp 154 "GET /static/images/python_gui.jpg HTTP/1.1" 404 1694
WARNING 2019-06-13 14:58:20,590 basehttp 154 "GET /static/images/linux.jpg HTTP/1.1" 404 1679
WARNING 2019-06-13 14:58:20,599 basehttp 154 "GET /static/js/index.js HTTP/1.1" 404 1664
WARNING 2019-06-13 14:58:20,612 basehttp 154 "GET /static/images/jichujiaochen.jpeg HTTP/1.1" 404 1706
WARNING 2019-06-13 14:58:20,614 basehttp 154 "GET /static/images/python_advanced.jpg HTTP/1.1" 404 1709
INFO 2019-06-13 14:58:21,114 basehttp 154 "GET / HTTP/1.1" 200 13588
WARNING 2019-06-13 14:58:21,132 basehttp 154 "GET /static/css/base/reset.css HTTP/1.1" 404 1685
WARNING 2019-06-13 14:58:21,145 basehttp 154 "GET /static/css/base/common.css HTTP/1.1" 404 1688
WARNING 2019-06-13 14:58:21,156 basehttp 154 "GET /static/css/news/index.css HTTP/1.1" 404 1685
WARNING 2019-06-13 14:58:21,166 basehttp 154 "GET /static/images/youxi.png HTTP/1.1" 404 1679
WARNING 2019-06-13 14:58:21,169 basehttp 154 "GET /static/js/commons.js HTTP/1.1" 404 1670
WARNING 2019-06-13 14:58:21,197 basehttp 154 "GET /static/images/ui.png HTTP/1.1" 404 1670
WARNING 2019-06-13 14:58:21,202 basehttp 154 "GET /static/js/index.js HTTP/1.1" 404 1664
WARNING 2019-06-13 14:58:21,210 basehttp 154 "GET /static/images/dianshang.png HTTP/1.1" 404 1691
WARNING 2019-06-13 14:58:21,220 basehttp 154 "GET /static/images/zimeiti.png HTTP/1.1" 404 1685
WARNING 2019-06-13 14:58:21,221 basehttp 154 "GET /static/images/linux.jpg HTTP/1.1" 404 1679
WARNING 2019-06-13 14:58:21,232 basehttp 154 "GET /static/images/jichujiaochen.jpeg HTTP/1.1" 404 1706
WARNING 2019-06-13 14:58:21,335 basehttp 154 "GET /static/images/python_gui.jpg HTTP/1.1" 404 1694
WARNING 2019-06-13 14:58:21,342 basehttp 154 "GET /static/images/python_advanced.jpg HTTP/1.1" 404 1709
INFO 2019-06-13 14:58:22,277 basehttp 154 "GET / HTTP/1.1" 200 13588
WARNING 2019-06-13 14:58:22,296 basehttp 154 "GET /static/css/base/reset.css HTTP/1.1" 404 1685
WARNING 2019-06-13 14:58:22,307 basehttp 154 "GET /static/css/base/common.css HTTP/1.1" 404 1688
WARNING 2019-06-13 14:58:22,316 basehttp 154 "GET /static/css/news/index.css HTTP/1.1" 404 1685
WARNING 2019-06-13 14:58:22,322 basehttp 154 "GET /static/images/ui.png HTTP/1.1" 404 1670
WARNING 2019-06-13 14:58:22,344 basehttp 154 "GET /static/js/commons.js HTTP/1.1" 404 1670
WARNING 2019-06-13 14:58:22,347 basehttp 154 "GET /static/images/dianshang.png HTTP/1.1" 404 1691
WARNING 2019-06-13 14:58:22,351 basehttp 154 "GET /static/images/youxi.png HTTP/1.1" 404 1679
WARNING 2019-06-13 14:58:22,359 basehttp 154 "GET /static/js/index.js HTTP/1.1" 404 1664
WARNING 2019-06-13 14:58:22,375 basehttp 154 "GET /static/images/linux.jpg HTTP/1.1" 404 1679
WARNING 2019-06-13 14:58:22,378 basehttp 154 "GET /static/images/python_gui.jpg HTTP/1.1" 404 1694
WARNING 2019-06-13 14:58:22,384 basehttp 154 "GET /static/images/python_advanced.jpg HTTP/1.1" 404 1709
WARNING 2019-06-13 14:58:22,383 basehttp 154 "GET /static/images/zimeiti.png HTTP/1.1" 404 1685
WARNING 2019-06-13 14:58:22,383 basehttp 154 "GET /static/images/jichujiaochen.jpeg HTTP/1.1" 404 1706
INFO 2019-06-13 15:00:49,670 basehttp 154 "GET / HTTP/1.1" 200 17066
WARNING 2019-06-13 15:00:49,700 basehttp 154 "GET /static/css/base/reset.css HTTP/1.1" 404 1685
WARNING 2019-06-13 15:00:49,704 basehttp 154 "GET /static/css/news/index.css HTTP/1.1" 404 1685
WARNING 2019-06-13 15:00:49,727 basehttp 154 "GET /static/images/ui.png HTTP/1.1" 404 1670
WARNING 2019-06-13 15:00:49,731 basehttp 154 "GET /static/images/dianshang.png HTTP/1.1" 404 1691
WARNING 2019-06-13 15:00:49,735 basehttp 154 "GET /static/css/base/common.css HTTP/1.1" 404 1688
WARNING 2019-06-13 15:00:49,738 basehttp 154 "GET /static/images/youxi.png HTTP/1.1" 404 1679
WARNING 2019-06-13 15:00:49,752 basehttp 154 "GET /static/images/zimeiti.png HTTP/1.1" 404 1685
WARNING 2019-06-13 15:00:49,764 basehttp 154 "GET /static/js/commons.js HTTP/1.1" 404 1670
WARNING 2019-06-13 15:00:49,765 basehttp 154 "GET /static/js/index.js HTTP/1.1" 404 1664
WARNING 2019-06-13 15:00:49,770 basehttp 154 "GET /static/images/python_gui.jpg HTTP/1.1" 404 1694
WARNING 2019-06-13 15:00:49,784 basehttp 154 "GET /static/images/python_advanced.jpg HTTP/1.1" 404 1709
WARNING 2019-06-13 15:00:49,807 basehttp 154 "GET /static/images/linux.jpg HTTP/1.1" 404 1679
WARNING 2019-06-13 15:00:49,822 basehttp 154 "GET /static/images/english.jpg HTTP/1.1" 404 1685
WARNING 2019-06-13 15:00:49,823 basehttp 154 "GET /static/images/jichujiaochen.jpeg HTTP/1.1" 404 1706
WARNING 2019-06-13 15:00:49,836 basehttp 154 "GET /static/images/python_web.jpg HTTP/1.1" 404 1694
INFO 2019-06-13 15:01:08,399 basehttp 154 "GET / HTTP/1.1" 200 17066
WARNING 2019-06-13 15:01:08,418 basehttp 154 "GET /static/css/base/reset.css HTTP/1.1" 404 1685
WARNING 2019-06-13 15:01:08,429 basehttp 154 "GET /static/css/base/common.css HTTP/1.1" 404 1688
WARNING 2019-06-13 15:01:08,432 basehttp 154 "GET /static/css/news/index.css HTTP/1.1" 404 1685
WARNING 2019-06-13 15:01:08,454 basehttp 154 "GET /static/images/ui.png HTTP/1.1" 404 1670
WARNING 2019-06-13 15:01:08,489 basehttp 154 "GET /static/images/youxi.png HTTP/1.1" 404 1679
WARNING 2019-06-13 15:01:08,496 basehttp 154 "GET /static/js/index.js HTTP/1.1" 404 1664
WARNING 2019-06-13 15:01:08,501 basehttp 154 "GET /static/js/commons.js HTTP/1.1" 404 1670
WARNING 2019-06-13 15:01:08,533 basehttp 154 "GET /static/images/dianshang.png HTTP/1.1" 404 1691
WARNING 2019-06-13 15:01:08,559 basehttp 154 "GET /static/images/python_gui.jpg HTTP/1.1" 404 1694
WARNING 2019-06-13 15:01:08,561 basehttp 154 "GET /static/images/zimeiti.png HTTP/1.1" 404 1685
WARNING 2019-06-13 15:01:08,566 basehttp 154 "GET /static/images/python_advanced.jpg HTTP/1.1" 404 1709
WARNING 2019-06-13 15:01:08,571 basehttp 154 "GET /static/images/linux.jpg HTTP/1.1" 404 1679
WARNING 2019-06-13 15:01:08,579 basehttp 154 "GET /static/images/jichujiaochen.jpeg HTTP/1.1" 404 1706
WARNING 2019-06-13 15:01:08,583 basehttp 154 "GET /static/images/python_web.jpg HTTP/1.1" 404 1694
WARNING 2019-06-13 15:01:08,592 basehttp 154 "GET /static/images/english.jpg HTTP/1.1" 404 1685
INFO 2019-06-13 15:01:09,202 basehttp 154 "GET / HTTP/1.1" 200 17066
WARNING 2019-06-13 15:01:09,227 basehttp 154 "GET /static/css/base/reset.css HTTP/1.1" 404 1685
WARNING 2019-06-13 15:01:09,240 basehttp 154 "GET /static/css/base/common.css HTTP/1.1" 404 1688
WARNING 2019-06-13 15:01:09,251 basehttp 154 "GET /static/images/youxi.png HTTP/1.1" 404 1679
WARNING 2019-06-13 15:01:09,255 basehttp 154 "GET /static/css/news/index.css HTTP/1.1" 404 1685
WARNING 2019-06-13 15:01:09,261 basehttp 154 "GET /static/images/ui.png HTTP/1.1" 404 1670
WARNING 2019-06-13 15:01:09,272 basehttp 154 "GET /static/js/commons.js HTTP/1.1" 404 1670
WARNING 2019-06-13 15:01:09,367 basehttp 154 "GET /static/js/index.js HTTP/1.1" 404 1664
WARNING 2019-06-13 15:01:09,402 basehttp 154 "GET /static/images/dianshang.png HTTP/1.1" 404 1691
WARNING 2019-06-13 15:01:09,403 basehttp 154 "GET /static/images/linux.jpg HTTP/1.1" 404 1679
WARNING 2019-06-13 15:01:09,406 basehttp 154 "GET /static/images/zimeiti.png HTTP/1.1" 404 1685
WARNING 2019-06-13 15:01:09,410 basehttp 154 "GET /static/images/python_gui.jpg HTTP/1.1" 404 1694
WARNING 2019-06-13 15:01:09,415 basehttp 154 "GET /static/images/python_advanced.jpg HTTP/1.1" 404 1709
WARNING 2019-06-13 15:01:09,421 basehttp 154 "GET /static/images/jichujiaochen.jpeg HTTP/1.1" 404 1706
WARNING 2019-06-13 15:01:09,427 basehttp 154 "GET /static/images/english.jpg HTTP/1.1" 404 1685
WARNING 2019-06-13 15:01:09,466 basehttp 154 "GET /static/images/python_web.jpg HTTP/1.1" 404 1694
INFO 2019-06-13 15:01:09,659 basehttp 154 "GET / HTTP/1.1" 200 17066
WARNING 2019-06-13 15:01:09,687 basehttp 154 "GET /static/css/base/reset.css HTTP/1.1" 404 1685
WARNING 2019-06-13 15:01:09,713 basehttp 154 "GET /static/css/base/common.css HTTP/1.1" 404 1688
WARNING 2019-06-13 15:01:09,719 basehttp 154 "GET /static/images/youxi.png HTTP/1.1" 404 1679
WARNING 2019-06-13 15:01:09,733 basehttp 154 "GET /static/css/news/index.css HTTP/1.1" 404 1685
WARNING 2019-06-13 15:01:09,738 basehttp 154 "GET /static/images/ui.png HTTP/1.1" 404 1670
WARNING 2019-06-13 15:01:09,751 basehttp 154 "GET /static/images/dianshang.png HTTP/1.1" 404 1691
WARNING 2019-06-13 15:01:09,756 basehttp 154 "GET /static/js/commons.js HTTP/1.1" 404 1670
WARNING 2019-06-13 15:01:09,792 basehttp 154 "GET /static/images/zimeiti.png HTTP/1.1" 404 1685
WARNING 2019-06-13 15:01:09,792 basehttp 154 "GET /static/js/index.js HTTP/1.1" 404 1664
WARNING 2019-06-13 15:01:09,795 basehttp 154 "GET /static/images/linux.jpg HTTP/1.1" 404 1679
WARNING 2019-06-13 15:01:09,798 basehttp 154 "GET /static/images/python_gui.jpg HTTP/1.1" 404 1694
WARNING 2019-06-13 15:01:09,821 basehttp 154 "GET /static/images/english.jpg HTTP/1.1" 404 1685
WARNING 2019-06-13 15:01:09,821 basehttp 154 "GET /static/images/jichujiaochen.jpeg HTTP/1.1" 404 1706
WARNING 2019-06-13 15:01:09,823 basehttp 154 "GET /static/images/python_advanced.jpg HTTP/1.1" 404 1709
WARNING 2019-06-13 15:01:09,825 basehttp 154 "GET /static/images/python_web.jpg HTTP/1.1" 404 1694
INFO 2019-06-13 15:01:09,924 basehttp 154 "GET / HTTP/1.1" 200 17066
WARNING 2019-06-13 15:01:09,974 basehttp 154 "GET /static/css/base/common.css HTTP/1.1" 404 1688
WARNING 2019-06-13 15:01:09,975 basehttp 154 "GET /static/css/base/reset.css HTTP/1.1" 404 1685
WARNING 2019-06-13 15:01:10,002 basehttp 154 "GET /static/images/ui.png HTTP/1.1" 404 1670
WARNING 2019-06-13 15:01:10,007 basehttp 154 "GET /static/images/youxi.png HTTP/1.1" 404 1679
WARNING 2019-06-13 15:01:10,011 basehttp 154 "GET /static/css/news/index.css HTTP/1.1" 404 1685
WARNING 2019-06-13 15:01:10,032 basehttp 154 "GET /static/images/dianshang.png HTTP/1.1" 404 1691
WARNING 2019-06-13 15:01:10,041 basehttp 154 "GET /static/js/commons.js HTTP/1.1" 404 1670
WARNING 2019-06-13 15:01:10,052 basehttp 154 "GET /static/js/index.js HTTP/1.1" 404 1664
WARNING 2019-06-13 15:01:10,093 basehttp 154 "GET /static/images/zimeiti.png HTTP/1.1" 404 1685
WARNING 2019-06-13 15:01:10,102 basehttp 154 "GET /static/images/python_gui.jpg HTTP/1.1" 404 1694
WARNING 2019-06-13 15:01:10,106 basehttp 154 "GET /static/images/english.jpg HTTP/1.1" 404 1685
WARNING 2019-06-13 15:01:10,112 basehttp 154 "GET /static/images/linux.jpg HTTP/1.1" 404 1679
WARNING 2019-06-13 15:01:10,120 basehttp 154 "GET /static/images/python_web.jpg HTTP/1.1" 404 1694
WARNING 2019-06-13 15:01:10,134 basehttp 154 "GET /static/images/jichujiaochen.jpeg HTTP/1.1" 404 1706
WARNING 2019-06-13 15:01:10,151 basehttp 154 "GET /static/images/python_advanced.jpg HTTP/1.1" 404 1709
INFO 2019-06-13 15:01:10,192 basehttp 154 "GET / HTTP/1.1" 200 17066
WARNING 2019-06-13 15:01:10,217 basehttp 154 "GET /static/css/base/reset.css HTTP/1.1" 404 1685
WARNING 2019-06-13 15:01:10,234 basehttp 154 "GET /static/css/base/common.css HTTP/1.1" 404 1688
WARNING 2019-06-13 15:01:10,242 basehttp 154 "GET /static/css/news/index.css HTTP/1.1" 404 1685
WARNING 2019-06-13 15:01:10,262 basehttp 154 "GET /static/images/ui.png HTTP/1.1" 404 1670
WARNING 2019-06-13 15:01:10,272 basehttp 154 "GET /static/images/youxi.png HTTP/1.1" 404 1679
WARNING 2019-06-13 15:01:10,282 basehttp 154 "GET /static/images/zimeiti.png HTTP/1.1" 404 1685
WARNING 2019-06-13 15:01:10,295 basehttp 154 "GET /static/images/dianshang.png HTTP/1.1" 404 1691
WARNING 2019-06-13 15:01:10,299 basehttp 154 "GET /static/js/index.js HTTP/1.1" 404 1664
WARNING 2019-06-13 15:01:10,338 basehttp 154 "GET /static/images/linux.jpg HTTP/1.1" 404 1679
WARNING 2019-06-13 15:01:10,301 basehttp 154 "GET /static/images/python_gui.jpg HTTP/1.1" 404 1694
WARNING 2019-06-13 15:01:10,334 basehttp 154 "GET /static/js/commons.js HTTP/1.1" 404 1670
WARNING 2019-06-13 15:01:10,350 basehttp 154 "GET /static/images/python_advanced.jpg HTTP/1.1" 404 1709
WARNING 2019-06-13 15:01:10,355 basehttp 154 "GET /static/images/jichujiaochen.jpeg HTTP/1.1" 404 1706
WARNING 2019-06-13 15:01:10,379 basehttp 154 "GET /static/images/english.jpg HTTP/1.1" 404 1685
WARNING 2019-06-13 15:01:10,389 basehttp 154 "GET /static/images/python_web.jpg HTTP/1.1" 404 1694
INFO 2019-06-13 15:01:10,407 basehttp 154 "GET / HTTP/1.1" 200 17066
WARNING 2019-06-13 15:01:10,409 basehttp 154 "GET /static/js/index.js HTTP/1.1" 404 1664
WARNING 2019-06-13 15:01:10,454 basehttp 154 "GET /static/css/base/reset.css HTTP/1.1" 404 1685
WARNING 2019-06-13 15:01:10,501 basehttp 154 "GET /static/css/news/index.css HTTP/1.1" 404 1685
WARNING 2019-06-13 15:01:10,502 basehttp 154 "GET /static/css/base/common.css HTTP/1.1" 404 1688
WARNING 2019-06-13 15:01:10,517 basehttp 154 "GET /static/images/youxi.png HTTP/1.1" 404 1679
WARNING 2019-06-13 15:01:10,518 basehttp 154 "GET /static/images/ui.png HTTP/1.1" 404 1670
WARNING 2019-06-13 15:01:10,572 basehttp 154 "GET /static/images/dianshang.png HTTP/1.1" 404 1691
WARNING 2019-06-13 15:01:10,561 basehttp 154 "GET /static/images/zimeiti.png HTTP/1.1" 404 1685
WARNING 2019-06-13 15:01:10,577 basehttp 154 "GET /static/js/commons.js HTTP/1.1" 404 1670
WARNING 2019-06-13 15:01:10,632 basehttp 154 "GET /static/images/linux.jpg HTTP/1.1" 404 1679
WARNING 2019-06-13 15:01:10,635 basehttp 154 "GET /static/js/index.js HTTP/1.1" 404 1664
INFO 2019-06-13 15:01:10,638 basehttp 154 "GET / HTTP/1.1" 200 17066
WARNING 2019-06-13 15:01:10,685 basehttp 154 "GET /static/images/python_gui.jpg HTTP/1.1" 404 1694
WARNING 2019-06-13 15:01:10,738 basehttp 154 "GET /static/images/python_advanced.jpg HTTP/1.1" 404 1709
WARNING 2019-06-13 15:01:10,740 basehttp 154 "GET /static/images/python_web.jpg HTTP/1.1" 404 1694
WARNING 2019-06-13 15:01:10,745 basehttp 154 "GET /static/images/english.jpg HTTP/1.1" 404 1685
WARNING 2019-06-13 15:01:10,755 basehttp 154 "GET /static/images/jichujiaochen.jpeg HTTP/1.1" 404 1706
WARNING 2019-06-13 15:01:10,768 basehttp 154 "GET /static/images/ui.png HTTP/1.1" 404 1670
WARNING 2019-06-13 15:01:10,769 basehttp 154 "GET /static/css/base/reset.css HTTP/1.1" 404 1685
WARNING 2019-06-13 15:01:10,769 basehttp 154 "GET /static/css/news/index.css HTTP/1.1" 404 1685
WARNING 2019-06-13 15:01:10,773 basehttp 154 "GET /static/css/base/common.css HTTP/1.1" 404 1688
WARNING 2019-06-13 15:01:10,785 basehttp 154 "GET /static/images/youxi.png HTTP/1.1" 404 1679
WARNING 2019-06-13 15:01:10,785 basehttp 154 "GET /static/images/dianshang.png HTTP/1.1" 404 1691
WARNING 2019-06-13 15:01:10,790 basehttp 154 "GET /static/js/commons.js HTTP/1.1" 404 1670
WARNING 2019-06-13 15:01:10,815 basehttp 154 "GET /static/images/zimeiti.png HTTP/1.1" 404 1685
INFO 2019-06-13 15:01:10,823 basehttp 154 "GET / HTTP/1.1" 200 17066
WARNING 2019-06-13 15:01:10,818 basehttp 154 "GET /static/js/index.js HTTP/1.1" 404 1664
WARNING 2019-06-13 15:01:10,845 basehttp 154 "GET /static/images/linux.jpg HTTP/1.1" 404 1679
WARNING 2019-06-13 15:01:10,850 basehttp 154 "GET /static/images/python_gui.jpg HTTP/1.1" 404 1694
WARNING 2019-06-13 15:01:10,862 basehttp 154 "GET /static/images/jichujiaochen.jpeg HTTP/1.1" 404 1706
WARNING 2019-06-13 15:01:10,864 basehttp 154 "GET /static/images/python_advanced.jpg HTTP/1.1" 404 1709
INFO 2019-06-13 15:01:10,877 basehttp 154 "GET / HTTP/1.1" 200 17066
WARNING 2019-06-13 15:01:10,877 basehttp 154 "GET /static/images/english.jpg HTTP/1.1" 404 1685
WARNING 2019-06-13 15:01:10,878 basehttp 154 "GET /static/images/python_web.jpg HTTP/1.1" 404 1694
WARNING 2019-06-13 15:01:10,917 basehttp 154 "GET /static/css/base/reset.css HTTP/1.1" 404 1685
WARNING 2019-06-13 15:01:10,921 basehttp 154 "GET /static/css/base/common.css HTTP/1.1" 404 1688
WARNING 2019-06-13 15:01:10,937 basehttp 154 "GET /static/images/ui.png HTTP/1.1" 404 1670
WARNING 2019-06-13 15:01:10,984 basehttp 154 "GET /static/css/news/index.css HTTP/1.1" 404 1685
WARNING 2019-06-13 15:01:10,985 basehttp 154 "GET /static/images/zimeiti.png HTTP/1.1" 404 1685
WARNING 2019-06-13 15:01:10,992 basehttp 154 "GET /static/images/dianshang.png HTTP/1.1" 404 1691
WARNING 2019-06-13 15:01:11,002 basehttp 154 "GET /static/images/youxi.png HTTP/1.1" 404 1679
WARNING 2019-06-13 15:01:11,009 basehttp 154 "GET /static/images/python_gui.jpg HTTP/1.1" 404 1694
WARNING 2019-06-13 15:01:11,023 basehttp 154 "GET /static/images/linux.jpg HTTP/1.1" 404 1679
WARNING 2019-06-13 15:01:11,023 basehttp 154 "GET /static/images/jichujiaochen.jpeg HTTP/1.1" 404 1706
WARNING 2019-06-13 15:01:11,026 basehttp 154 "GET /static/images/python_advanced.jpg HTTP/1.1" 404 1709
WARNING 2019-06-13 15:01:11,039 basehttp 154 "GET /static/images/english.jpg HTTP/1.1" 404 1685
WARNING 2019-06-13 15:01:11,044 basehttp 154 "GET /static/images/python_web.jpg HTTP/1.1" 404 1694
WARNING 2019-06-13 15:01:11,067 basehttp 154 "GET /static/js/commons.js HTTP/1.1" 404 1670
INFO 2019-06-13 15:01:11,068 basehttp 154 "GET / HTTP/1.1" 200 17066
WARNING 2019-06-13 15:01:11,069 basehttp 154 "GET /static/js/index.js HTTP/1.1" 404 1664
WARNING 2019-06-13 15:01:11,120 basehttp 154 "GET /static/css/base/reset.css HTTP/1.1" 404 1685
WARNING 2019-06-13 15:01:11,157 basehttp 154 "GET /static/images/ui.png HTTP/1.1" 404 1670
WARNING 2019-06-13 15:01:11,158 basehttp 154 "GET /static/css/news/index.css HTTP/1.1" 404 1685
WARNING 2019-06-13 15:01:11,183 basehttp 154 "GET /static/css/base/common.css HTTP/1.1" 404 1688
WARNING 2019-06-13 15:01:11,184 basehttp 154 "GET /static/images/youxi.png HTTP/1.1" 404 1679
WARNING 2019-06-13 15:01:11,191 basehttp 154 "GET /static/images/zimeiti.png HTTP/1.1" 404 1685
WARNING 2019-06-13 15:01:11,198 basehttp 154 "GET /static/js/commons.js HTTP/1.1" 404 1670
WARNING 2019-06-13 15:01:11,206 basehttp 154 "GET /static/js/index.js HTTP/1.1" 404 1664
WARNING 2019-06-13 15:01:11,216 basehttp 154 "GET /static/images/dianshang.png HTTP/1.1" 404 1691
WARNING 2019-06-13 15:01:11,221 basehttp 154 "GET /static/images/python_gui.jpg HTTP/1.1" 404 1694
WARNING 2019-06-13 15:01:11,251 basehttp 154 "GET /static/images/python_advanced.jpg HTTP/1.1" 404 1709
WARNING 2019-06-13 15:01:11,272 basehttp 154 "GET /static/images/linux.jpg HTTP/1.1" 404 1679
INFO 2019-06-13 15:01:11,273 basehttp 154 "GET / HTTP/1.1" 200 17066
WARNING 2019-06-13 15:01:11,278 basehttp 154 "GET /static/images/jichujiaochen.jpeg HTTP/1.1" 404 1706
WARNING 2019-06-13 15:01:11,292 basehttp 154 "GET /static/images/english.jpg HTTP/1.1" 404 1685
WARNING 2019-06-13 15:01:11,293 basehttp 154 "GET /static/images/python_web.jpg HTTP/1.1" 404 1694
WARNING 2019-06-13 15:01:11,383 basehttp 154 "GET /static/css/base/common.css HTTP/1.1" 404 1688
WARNING 2019-06-13 15:01:11,385 basehttp 154 "GET /static/css/news/index.css HTTP/1.1" 404 1685
WARNING 2019-06-13 15:01:11,390 basehttp 154 "GET /static/js/commons.js HTTP/1.1" 404 1670
WARNING 2019-06-13 15:01:11,403 basehttp 154 "GET /static/images/ui.png HTTP/1.1" 404 1670
WARNING 2019-06-13 15:01:11,417 basehttp 154 "GET /static/js/index.js HTTP/1.1" 404 1664
WARNING 2019-06-13 15:01:11,418 basehttp 154 "GET /static/css/base/reset.css HTTP/1.1" 404 1685
WARNING 2019-06-13 15:01:11,424 basehttp 154 "GET /static/images/youxi.png HTTP/1.1" 404 1679
INFO 2019-06-13 15:01:11,432 basehttp 154 "GET / HTTP/1.1" 200 17066
WARNING 2019-06-13 15:01:11,444 basehttp 154 "GET /static/images/dianshang.png HTTP/1.1" 404 1691
WARNING 2019-06-13 15:01:11,466 basehttp 154 "GET /static/images/zimeiti.png HTTP/1.1" 404 1685
WARNING 2019-06-13 15:01:11,471 basehttp 154 "GET /static/images/python_advanced.jpg HTTP/1.1" 404 1709
WARNING 2019-06-13 15:01:11,477 basehttp 154 "GET /static/images/python_gui.jpg HTTP/1.1" 404 1694
WARNING 2019-06-13 15:01:11,489 basehttp 154 "GET /static/images/linux.jpg HTTP/1.1" 404 1679
WARNING 2019-06-13 15:01:11,490 basehttp 154 "GET /static/css/base/reset.css HTTP/1.1" 404 1685
WARNING 2019-06-13 15:01:11,515 basehttp 154 "GET /static/images/ui.png HTTP/1.1" 404 1670
WARNING 2019-06-13 15:01:11,518 basehttp 154 "GET /static/images/youxi.png HTTP/1.1" 404 1679
WARNING 2019-06-13 15:01:11,524 basehttp 154 "GET /static/css/base/common.css HTTP/1.1" 404 1688
WARNING 2019-06-13 15:01:11,527 basehttp 154 "GET /static/css/news/index.css HTTP/1.1" 404 1685
WARNING 2019-06-13 15:01:11,528 basehttp 154 "GET /static/js/commons.js HTTP/1.1" 404 1670
WARNING 2019-06-13 15:01:11,532 basehttp 154 "GET /static/images/dianshang.png HTTP/1.1" 404 1691
WARNING 2019-06-13 15:01:11,538 basehttp 154 "GET /static/js/index.js HTTP/1.1" 404 1664
WARNING 2019-06-13 15:01:11,625 basehttp 154 "GET /static/images/zimeiti.png HTTP/1.1" 404 1685
WARNING 2019-06-13 15:01:11,633 basehttp 154 "GET /static/images/python_gui.jpg HTTP/1.1" 404 1694
WARNING 2019-06-13 15:01:11,659 basehttp 154 "GET /static/images/linux.jpg HTTP/1.1" 404 1679
WARNING 2019-06-13 15:01:11,674 basehttp 154 "GET /static/images/english.jpg HTTP/1.1" 404 1685
WARNING 2019-06-13 15:01:11,678 basehttp 154 "GET /static/images/python_advanced.jpg HTTP/1.1" 404 1709
WARNING 2019-06-13 15:01:11,702 basehttp 154 "GET /static/images/jichujiaochen.jpeg HTTP/1.1" 404 1706
WARNING 2019-06-13 15:01:11,705 basehttp 154 "GET /static/images/python_web.jpg HTTP/1.1" 404 1694
INFO 2019-06-13 15:03:43,162 basehttp 154 "GET / HTTP/1.1" 200 17066
WARNING 2019-06-13 15:03:43,186 basehttp 154 "GET /static/css/base/common.css HTTP/1.1" 404 1688
WARNING 2019-06-13 15:03:43,195 basehttp 154 "GET /static/css/base/reset.css HTTP/1.1" 404 1685
INFO 2019-06-13 15:03:43,208 basehttp 154 "GET /static/css/base/side.css HTTP/1.1" 304 0
WARNING 2019-06-13 15:03:43,223 basehttp 154 "GET /static/css/news/index.css HTTP/1.1" 404 1685
WARNING 2019-06-13 15:03:43,231 basehttp 154 "GET /static/images/youxi.png HTTP/1.1" 404 1679
WARNING 2019-06-13 15:03:43,246 basehttp 154 "GET /static/images/ui.png HTTP/1.1" 404 1670
WARNING 2019-06-13 15:03:43,283 basehttp 154 "GET /static/images/python_gui.jpg HTTP/1.1" 404 1694
WARNING 2019-06-13 15:03:43,285 basehttp 154 "GET /static/js/commons.js HTTP/1.1" 404 1670
WARNING 2019-06-13 15:03:43,301 basehttp 154 "GET /static/js/index.js HTTP/1.1" 404 1664
WARNING 2019-06-13 15:03:43,334 basehttp 154 "GET /static/images/zimeiti.png HTTP/1.1" 404 1685
WARNING 2019-06-13 15:03:43,353 basehttp 154 "GET /static/images/linux.jpg HTTP/1.1" 404 1679
WARNING 2019-06-13 15:03:43,367 basehttp 154 "GET /static/images/dianshang.png HTTP/1.1" 404 1691
WARNING 2019-06-13 15:03:43,369 basehttp 154 "GET /static/images/python_advanced.jpg HTTP/1.1" 404 1709
WARNING 2019-06-13 15:03:43,372 basehttp 154 "GET /static/images/jichujiaochen.jpeg HTTP/1.1" 404 1706
WARNING 2019-06-13 15:03:43,376 basehttp 154 "GET /static/images/english.jpg HTTP/1.1" 404 1685
WARNING 2019-06-13 15:03:43,390 basehttp 154 "GET /static/images/python_web.jpg HTTP/1.1" 404 1694
INFO 2019-06-13 15:04:22,331 basehttp 154 "GET / HTTP/1.1" 200 17066
WARNING 2019-06-13 15:04:22,355 basehttp 154 "GET /static/css/base/common.css HTTP/1.1" 404 1688
WARNING 2019-06-13 15:04:22,364 basehttp 154 "GET /static/css/base/reset.css HTTP/1.1" 404 1685
WARNING 2019-06-13 15:04:22,373 basehttp 154 "GET /static/css/news/index.css HTTP/1.1" 404 1685
WARNING 2019-06-13 15:04:22,395 basehttp 154 "GET /static/images/ui.png HTTP/1.1" 404 1670
WARNING 2019-06-13 15:04:22,395 basehttp 154 "GET /static/js/commons.js HTTP/1.1" 404 1670
WARNING 2019-06-13 15:04:22,401 basehttp 154 "GET /static/js/index.js HTTP/1.1" 404 1664
WARNING 2019-06-13 15:04:22,428 basehttp 154 "GET /static/images/dianshang.png HTTP/1.1" 404 1691
WARNING 2019-06-13 15:04:22,432 basehttp 154 "GET /static/images/youxi.png HTTP/1.1" 404 1679
WARNING 2019-06-13 15:04:22,442 basehttp 154 "GET /static/images/python_gui.jpg HTTP/1.1" 404 1694
WARNING 2019-06-13 15:04:22,457 basehttp 154 "GET /static/images/linux.jpg HTTP/1.1" 404 1679
WARNING 2019-06-13 15:04:22,470 basehttp 154 "GET /static/images/python_advanced.jpg HTTP/1.1" 404 1709
WARNING 2019-06-13 15:04:22,478 basehttp 154 "GET /static/images/zimeiti.png HTTP/1.1" 404 1685
WARNING 2019-06-13 15:04:22,480 basehttp 154 "GET /static/images/english.jpg HTTP/1.1" 404 1685
WARNING 2019-06-13 15:04:22,485 basehttp 154 "GET /static/images/python_web.jpg HTTP/1.1" 404 1694
WARNING 2019-06-13 15:04:22,486 basehttp 154 "GET /static/images/jichujiaochen.jpeg HTTP/1.1" 404 1706
INFO 2019-06-13 15:04:22,923 basehttp 154 "GET / HTTP/1.1" 200 17066
WARNING 2019-06-13 15:04:22,957 basehttp 154 "GET /static/css/base/common.css HTTP/1.1" 404 1688
WARNING 2019-06-13 15:04:22,959 basehttp 154 "GET /static/css/base/reset.css HTTP/1.1" 404 1685
WARNING 2019-06-13 15:04:22,976 basehttp 154 "GET /static/images/ui.png HTTP/1.1" 404 1670
WARNING 2019-06-13 15:04:22,981 basehttp 154 "GET /static/css/news/index.css HTTP/1.1" 404 1685
WARNING 2019-06-13 15:04:23,020 basehttp 154 "GET /static/images/dianshang.png HTTP/1.1" 404 1691
WARNING 2019-06-13 15:04:23,029 basehttp 154 "GET /static/js/index.js HTTP/1.1" 404 1664
WARNING 2019-06-13 15:04:23,031 basehttp 154 "GET /static/images/youxi.png HTTP/1.1" 404 1679
WARNING 2019-06-13 15:04:23,035 basehttp 154 "GET /static/js/commons.js HTTP/1.1" 404 1670
WARNING 2019-06-13 15:04:23,039 basehttp 154 "GET /static/images/python_gui.jpg HTTP/1.1" 404 1694
WARNING 2019-06-13 15:04:23,039 basehttp 154 "GET /static/images/zimeiti.png HTTP/1.1" 404 1685
WARNING 2019-06-13 15:04:23,047 basehttp 154 "GET /static/images/linux.jpg HTTP/1.1" 404 1679
WARNING 2019-06-13 15:04:23,053 basehttp 154 "GET /static/images/python_advanced.jpg HTTP/1.1" 404 1709
WARNING 2019-06-13 15:04:23,067 basehttp 154 "GET /static/js/index.js HTTP/1.1" 404 1664
WARNING 2019-06-13 15:04:23,060 basehttp 154 "GET /static/images/jichujiaochen.jpeg HTTP/1.1" 404 1706
WARNING 2019-06-13 15:04:23,063 basehttp 154 "GET /static/images/english.jpg HTTP/1.1" 404 1685
WARNING 2019-06-13 15:04:23,074 basehttp 154 "GET /static/images/python_web.jpg HTTP/1.1" 404 1694
INFO 2019-06-13 15:04:23,312 basehttp 154 "GET / HTTP/1.1" 200 17066
WARNING 2019-06-13 15:04:23,334 basehttp 154 "GET /static/css/base/reset.css HTTP/1.1" 404 1685
WARNING 2019-06-13 15:04:23,352 basehttp 154 "GET /static/css/base/common.css HTTP/1.1" 404 1688
WARNING 2019-06-13 15:04:23,357 basehttp 154 "GET /static/css/news/index.css HTTP/1.1" 404 1685
WARNING 2019-06-13 15:04:23,370 basehttp 154 "GET /static/images/youxi.png HTTP/1.1" 404 1679
WARNING 2019-06-13 15:04:23,385 basehttp 154 "GET /static/images/ui.png HTTP/1.1" 404 1670
WARNING 2019-06-13 15:04:23,402 basehttp 154 "GET /static/js/commons.js HTTP/1.1" 404 1670
WARNING 2019-06-13 15:04:23,403 basehttp 154 "GET /static/images/zimeiti.png HTTP/1.1" 404 1685
WARNING 2019-06-13 15:04:23,404 basehttp 154 "GET /static/images/dianshang.png HTTP/1.1" 404 1691
WARNING 2019-06-13 15:04:23,434 basehttp 154 "GET /static/images/linux.jpg HTTP/1.1" 404 1679
WARNING 2019-06-13 15:04:23,417 basehttp 154 "GET /static/images/python_gui.jpg HTTP/1.1" 404 1694
WARNING 2019-06-13 15:04:23,435 basehttp 154 "GET /static/js/index.js HTTP/1.1" 404 1664
WARNING 2019-06-13 15:04:23,431 basehttp 154 "GET /static/images/python_advanced.jpg HTTP/1.1" 404 1709
WARNING 2019-06-13 15:04:23,445 basehttp 154 "GET /static/images/jichujiaochen.jpeg HTTP/1.1" 404 1706
WARNING 2019-06-13 15:04:23,456 basehttp 154 "GET /static/images/python_web.jpg HTTP/1.1" 404 1694
WARNING 2019-06-13 15:04:23,457 basehttp 154 "GET /static/images/english.jpg HTTP/1.1" 404 1685
WARNING 2019-06-13 15:04:42,713 log 228 Not Found: /favicon.ico
WARNING 2019-06-13 15:04:42,736 basehttp 154 "GET /favicon.ico HTTP/1.1" 404 2042
INFO 2019-06-13 15:04:42,915 basehttp 154 "GET / HTTP/1.1" 200 17066
WARNING 2019-06-13 15:04:42,922 basehttp 154 "GET /static/css/base/reset.css HTTP/1.1" 404 1685
WARNING 2019-06-13 15:04:42,930 basehttp 154 "GET /static/css/base/common.css HTTP/1.1" 404 1688
INFO 2019-06-13 15:04:42,940 basehttp 154 "GET /static/css/base/side.css HTTP/1.1" 200 4429
WARNING 2019-06-13 15:04:42,983 basehttp 154 "GET /static/css/news/index.css HTTP/1.1" 404 1685
WARNING 2019-06-13 15:04:43,020 basehttp 154 "GET /static/images/ui.png HTTP/1.1" 404 1670
WARNING 2019-06-13 15:04:43,042 basehttp 154 "GET /static/images/youxi.png HTTP/1.1" 404 1679
WARNING 2019-06-13 15:04:43,044 basehttp 154 "GET /static/js/index.js HTTP/1.1" 404 1664
WARNING 2019-06-13 15:04:43,042 basehttp 154 "GET /static/js/commons.js HTTP/1.1" 404 1670
WARNING 2019-06-13 15:04:43,069 basehttp 154 "GET /static/images/linux.jpg HTTP/1.1" 404 1679
WARNING 2019-06-13 15:04:43,057 basehttp 154 "GET /static/images/python_gui.jpg HTTP/1.1" 404 1694
WARNING 2019-06-13 15:04:43,064 basehttp 154 "GET /static/images/python_advanced.jpg HTTP/1.1" 404 1709
WARNING 2019-06-13 15:04:43,051 basehttp 154 "GET /static/images/zimeiti.png HTTP/1.1" 404 1685
WARNING 2019-06-13 15:04:43,057 basehttp 154 "GET /static/images/dianshang.png HTTP/1.1" 404 1691
WARNING 2019-06-13 15:04:43,212 basehttp 154 "GET /static/images/jichujiaochen.jpeg HTTP/1.1" 404 1706
WARNING 2019-06-13 15:04:43,225 basehttp 154 "GET /static/images/python_web.jpg HTTP/1.1" 404 1694
WARNING 2019-06-13 15:04:43,230 basehttp 154 "GET /static/images/english.jpg HTTP/1.1" 404 1685
WARNING 2019-06-13 15:04:43,242 basehttp 154 "GET /static/images/wechat2.jpg HTTP/1.1" 404 1685
WARNING 2019-06-13 15:04:52,431 basehttp 154 "GET /static/css/base/reset.css HTTP/1.1" 404 1685
WARNING 2019-06-13 15:04:52,437 basehttp 154 "GET /static/css/base/common.css HTTP/1.1" 404 1688
WARNING 2019-06-13 15:04:52,439 basehttp 154 "GET /static/css/news/index.css HTTP/1.1" 404 1685
INFO 2019-06-13 15:05:59,225 basehttp 154 "GET / HTTP/1.1" 200 17066
WARNING 2019-06-13 15:05:59,265 basehttp 154 "GET /static/css/base/reset.css HTTP/1.1" 404 1685
WARNING 2019-06-13 15:05:59,301 basehttp 154 "GET /static/images/ui.png HTTP/1.1" 404 1670
WARNING 2019-06-13 15:05:59,302 basehttp 154 "GET /static/css/news/index.css HTTP/1.1" 404 1685
WARNING 2019-06-13 15:05:59,305 basehttp 154 "GET /static/css/base/common.css HTTP/1.1" 404 1688
WARNING 2019-06-13 15:05:59,311 basehttp 154 "GET /static/images/youxi.png HTTP/1.1" 404 1679
WARNING 2019-06-13 15:05:59,335 basehttp 154 "GET /static/images/zimeiti.png HTTP/1.1" 404 1685
WARNING 2019-06-13 15:05:59,336 basehttp 154 "GET /static/js/commons.js HTTP/1.1" 404 1670
WARNING 2019-06-13 15:05:59,364 basehttp 154 "GET /static/js/index.js HTTP/1.1" 404 1664
WARNING 2019-06-13 15:05:59,366 basehttp 154 "GET /static/images/dianshang.png HTTP/1.1" 404 1691
WARNING 2019-06-13 15:05:59,398 basehttp 154 "GET /static/images/english.jpg HTTP/1.1" 404 1685
WARNING 2019-06-13 15:05:59,404 basehttp 154 "GET /static/images/python_gui.jpg HTTP/1.1" 404 1694
WARNING 2019-06-13 15:05:59,410 basehttp 154 "GET /static/images/linux.jpg HTTP/1.1" 404 1679
WARNING 2019-06-13 15:05:59,425 basehttp 154 "GET /static/images/python_advanced.jpg HTTP/1.1" 404 1709
WARNING 2019-06-13 15:05:59,423 basehttp 154 "GET /static/images/jichujiaochen.jpeg HTTP/1.1" 404 1706
WARNING 2019-06-13 15:05:59,418 basehttp 154 "GET /static/images/python_web.jpg HTTP/1.1" 404 1694
INFO 2019-06-13 15:06:03,756 basehttp 154 "GET / HTTP/1.1" 200 17066
WARNING 2019-06-13 15:06:03,801 basehttp 154 "GET /static/css/base/reset.css HTTP/1.1" 404 1685
WARNING 2019-06-13 15:06:03,811 basehttp 154 "GET /static/css/base/common.css HTTP/1.1" 404 1688
WARNING 2019-06-13 15:06:03,814 basehttp 154 "GET /static/css/news/index.css HTTP/1.1" 404 1685
WARNING 2019-06-13 15:06:03,837 basehttp 154 "GET /static/js/index.js HTTP/1.1" 404 1664
WARNING 2019-06-13 15:06:03,843 basehttp 154 "GET /static/images/ui.png HTTP/1.1" 404 1670
WARNING 2019-06-13 15:06:03,851 basehttp 154 "GET /static/js/commons.js HTTP/1.1" 404 1670
WARNING 2019-06-13 15:06:03,862 basehttp 154 "GET /static/images/dianshang.png HTTP/1.1" 404 1691
WARNING 2019-06-13 15:06:03,862 basehttp 154 "GET /static/images/zimeiti.png HTTP/1.1" 404 1685
WARNING 2019-06-13 15:06:03,874 basehttp 154 "GET /static/images/youxi.png HTTP/1.1" 404 1679
WARNING 2019-06-13 15:06:03,900 basehttp 154 "GET /static/images/python_gui.jpg HTTP/1.1" 404 1694
WARNING 2019-06-13 15:06:03,911 basehttp 154 "GET /static/images/linux.jpg HTTP/1.1" 404 1679
WARNING 2019-06-13 15:06:03,922 basehttp 154 "GET /static/images/english.jpg HTTP/1.1" 404 1685
WARNING 2019-06-13 15:06:03,950 basehttp 154 "GET /static/images/jichujiaochen.jpeg HTTP/1.1" 404 1706
WARNING 2019-06-13 15:06:03,951 basehttp 154 "GET /static/images/python_advanced.jpg HTTP/1.1" 404 1709
WARNING 2019-06-13 15:06:03,957 basehttp 154 "GET /static/images/python_web.jpg HTTP/1.1" 404 1694
WARNING 2019-06-13 15:06:03,967 basehttp 154 "GET /static/js/index.js HTTP/1.1" 404 1664
WARNING 2019-06-13 15:06:03,990 basehttp 154 "GET /static/images/wechat2.jpg HTTP/1.1" 404 1685
INFO 2019-06-13 15:06:40,664 basehttp 154 "GET / HTTP/1.1" 200 17061
WARNING 2019-06-13 15:06:40,725 basehttp 154 "GET /static/css/base/reset.css HTTP/1.1" 404 1685
WARNING 2019-06-13 15:06:40,745 basehttp 154 "GET /static/css/news/index.css HTTP/1.1" 404 1685
WARNING 2019-06-13 15:06:40,747 basehttp 154 "GET /static/css/base/common.css HTTP/1.1" 404 1688
WARNING 2019-06-13 15:06:40,777 basehttp 154 "GET /static/images/ui.png HTTP/1.1" 404 1670
WARNING 2019-06-13 15:06:40,781 basehttp 154 "GET /static/js/commons.js HTTP/1.1" 404 1670
WARNING 2019-06-13 15:06:40,787 basehttp 154 "GET /static/images/youxi.png HTTP/1.1" 404 1679
WARNING 2019-06-13 15:06:40,795 basehttp 154 "GET /static/js/index.js HTTP/1.1" 404 1664
WARNING 2019-06-13 15:06:40,808 basehttp 154 "GET /static/images/zimeiti.png HTTP/1.1" 404 1685
WARNING 2019-06-13 15:06:40,829 basehttp 154 "GET /static/images/linux.jpg HTTP/1.1" 404 1679
WARNING 2019-06-13 15:06:40,835 basehttp 154 "GET /static/images/dianshang.png HTTP/1.1" 404 1691
WARNING 2019-06-13 15:06:40,923 basehttp 154 "GET /static/images/python_advanced.jpg HTTP/1.1" 404 1709
WARNING 2019-06-13 15:06:40,999 basehttp 154 "GET /static/images/python_gui.jpg HTTP/1.1" 404 1694
WARNING 2019-06-13 15:06:41,004 basehttp 154 "GET /static/images/english.jpg HTTP/1.1" 404 1685
WARNING 2019-06-13 15:06:41,015 basehttp 154 "GET /static/images/jichujiaochen.jpeg HTTP/1.1" 404 1706
WARNING 2019-06-13 15:06:41,019 basehttp 154 "GET /static/images/python_web.jpg HTTP/1.1" 404 1694
INFO 2019-06-13 15:06:58,587 basehttp 154 "GET / HTTP/1.1" 200 17061
WARNING 2019-06-13 15:06:58,638 basehttp 154 "GET /static/css/base/reset.css HTTP/1.1" 404 1685
WARNING 2019-06-13 15:06:58,657 basehttp 154 "GET /static/css/news/index.css HTTP/1.1" 404 1685
WARNING 2019-06-13 15:06:58,672 basehttp 154 "GET /static/js/commons.js HTTP/1.1" 404 1670
WARNING 2019-06-13 15:06:58,680 basehttp 154 "GET /static/css/base/common.css HTTP/1.1" 404 1688
WARNING 2019-06-13 15:06:58,690 basehttp 154 "GET /static/js/index.js HTTP/1.1" 404 1664
WARNING 2019-06-13 15:06:58,698 basehttp 154 "GET /static/images/ui.png HTTP/1.1" 404 1670
WARNING 2019-06-13 15:06:58,741 basehttp 154 "GET /static/images/youxi.png HTTP/1.1" 404 1679
WARNING 2019-06-13 15:06:58,746 basehttp 154 "GET /static/images/dianshang.png HTTP/1.1" 404 1691
WARNING 2019-06-13 15:06:58,758 basehttp 154 "GET /static/images/python_gui.jpg HTTP/1.1" 404 1694
WARNING 2019-06-13 15:06:58,767 basehttp 154 "GET /static/images/zimeiti.png HTTP/1.1" 404 1685
WARNING 2019-06-13 15:06:58,776 basehttp 154 "GET /static/images/linux.jpg HTTP/1.1" 404 1679
WARNING 2019-06-13 15:06:58,801 basehttp 154 "GET /static/images/python_advanced.jpg HTTP/1.1" 404 1709
WARNING 2019-06-13 15:06:58,789 basehttp 154 "GET /static/images/english.jpg HTTP/1.1" 404 1685
WARNING 2019-06-13 15:06:58,814 basehttp 154 "GET /static/images/jichujiaochen.jpeg HTTP/1.1" 404 1706
WARNING 2019-06-13 15:06:58,838 basehttp 154 "GET /static/js/commons.js HTTP/1.1" 404 1670
WARNING 2019-06-13 15:06:58,871 basehttp 154 "GET /static/images/python_web.jpg HTTP/1.1" 404 1694
WARNING 2019-06-13 15:06:58,885 basehttp 154 "GET /static/js/index.js HTTP/1.1" 404 1664
INFO 2019-06-13 15:08:13,029 basehttp 154 "GET / HTTP/1.1" 200 17061
INFO 2019-06-13 15:08:13,063 basehttp 154 "GET /static/css/base/side.css HTTP/1.1" 304 0
INFO 2019-06-13 15:08:13,065 basehttp 154 "GET /static/css/base/reset.css HTTP/1.1" 200 1427
INFO 2019-06-13 15:08:13,072 basehttp 154 "GET /static/css/base/common.css HTTP/1.1" 200 3498
WARNING 2019-06-13 15:08:13,075 basehttp 154 "GET /static/images/ui.png HTTP/1.1" 404 1670
INFO 2019-06-13 15:08:13,081 basehttp 154 "GET /static/css/news/index.css HTTP/1.1" 200 5500
WARNING 2019-06-13 15:08:13,086 basehttp 154 "GET /static/images/youxi.png HTTP/1.1" 404 1679
WARNING 2019-06-13 15:08:13,092 basehttp 154 "GET /static/js/commons.js HTTP/1.1" 404 1670
WARNING 2019-06-13 15:08:13,174 basehttp 154 "GET /static/images/dianshang.png HTTP/1.1" 404 1691
WARNING 2019-06-13 15:08:13,174 basehttp 154 "GET /static/js/index.js HTTP/1.1" 404 1664
WARNING 2019-06-13 15:08:13,181 basehttp 154 "GET /static/images/zimeiti.png HTTP/1.1" 404 1685
WARNING 2019-06-13 15:08:13,191 basehttp 154 "GET /static/images/python_gui.jpg HTTP/1.1" 404 1694
WARNING 2019-06-13 15:08:13,191 basehttp 154 "GET /static/images/linux.jpg HTTP/1.1" 404 1679
WARNING 2019-06-13 15:08:13,207 basehttp 154 "GET /static/images/jichujiaochen.jpeg HTTP/1.1" 404 1706
WARNING 2019-06-13 15:08:13,217 basehttp 154 "GET /static/images/english.jpg HTTP/1.1" 404 1685
WARNING 2019-06-13 15:08:13,217 basehttp 154 "GET /static/images/python_advanced.jpg HTTP/1.1" 404 1709
WARNING 2019-06-13 15:08:13,232 basehttp 154 "GET /static/images/python_web.jpg HTTP/1.1" 404 1694
WARNING 2019-06-13 15:08:13,236 basehttp 154 "GET /static/js/commons.js HTTP/1.1" 404 1670
WARNING 2019-06-13 15:08:13,267 basehttp 154 "GET /static/images/wechat2.jpg HTTP/1.1" 404 1685
WARNING 2019-06-13 15:08:13,295 basehttp 154 "GET /static/js/index.js HTTP/1.1" 404 1664
INFO 2019-06-13 15:08:23,971 basehttp 154 "GET / HTTP/1.1" 200 17061
INFO 2019-06-13 15:08:24,008 basehttp 154 "GET /static/images/ui.png HTTP/1.1" 200 108619
INFO 2019-06-13 15:08:24,030 basehttp 154 "GET /static/js/commons.js HTTP/1.1" 200 2421
INFO 2019-06-13 15:08:24,034 basehttp 154 "GET /static/images/zimeiti.png HTTP/1.1" 200 112767
INFO 2019-06-13 15:08:24,038 basehttp 154 "GET /static/images/python_gui.jpg HTTP/1.1" 200 24129
INFO 2019-06-13 15:08:24,068 basehttp 154 "GET /static/js/index.js HTTP/1.1" 200 1510
INFO 2019-06-13 15:08:24,071 basehttp 154 "GET /static/images/linux.jpg HTTP/1.1" 200 62189
INFO 2019-06-13 15:08:24,095 basehttp 154 "GET /static/images/jichujiaochen.jpeg HTTP/1.1" 200 11286
INFO 2019-06-13 15:08:24,133 basehttp 154 "GET /static/images/python_advanced.jpg HTTP/1.1" 200 120059
INFO 2019-06-13 15:08:24,201 basehttp 154 "GET /static/images/english.jpg HTTP/1.1" 200 137605
INFO 2019-06-13 15:08:24,206 basehttp 154 "GET /static/images/wechat2.jpg HTTP/1.1" 200 41049
INFO 2019-06-13 15:08:24,238 basehttp 154 "GET /static/images/python_web.jpg HTTP/1.1" 200 45717
INFO 2019-06-13 15:08:24,246 basehttp 154 "GET /static/images/dianshang.png HTTP/1.1" 200 342554
INFO 2019-06-13 15:08:24,297 basehttp 154 "GET /static/images/youxi.png HTTP/1.1" 200 447834
INFO 2019-06-13 15:11:13,060 basehttp 154 "GET / HTTP/1.1" 200 17029
INFO 2019-06-13 15:11:13,939 basehttp 154 "GET / HTTP/1.1" 200 17029
WARNING 2019-06-13 15:16:24,891 log 228 Not Found: /login
WARNING 2019-06-13 15:16:24,895 basehttp 154 "GET /login HTTP/1.1" 404 2130
WARNING 2019-06-13 15:16:51,420 log 228 Not Found: /user/login
WARNING 2019-06-13 15:16:51,421 basehttp 154 "GET /user/login HTTP/1.1" 404 2090
WARNING 2019-06-13 15:16:56,749 log 228 Not Found: /login
WARNING 2019-06-13 15:16:56,751 basehttp 154 "GET /login HTTP/1.1" 404 2075
INFO 2019-06-13 15:17:01,744 basehttp 154 "GET /index HTTP/1.1" 301 0
INFO 2019-06-13 15:17:01,801 basehttp 154 "GET /index/ HTTP/1.1" 200 17029
INFO 2019-06-13 15:17:01,820 basehttp 154 "GET /static/css/base/side.css HTTP/1.1" 304 0
INFO 2019-06-13 15:17:19,863 basehttp 154 "GET /login HTTP/1.1" 301 0
INFO 2019-06-13 15:17:19,924 basehttp 154 "GET /login/ HTTP/1.1" 200 3929
INFO 2019-06-13 15:19:50,195 basehttp 154 "GET /login/ HTTP/1.1" 200 3989
INFO 2019-06-13 15:19:50,223 basehttp 154 "GET /static/css/authPro/auth.css HTTP/1.1" 200 3286
INFO 2019-06-13 15:20:30,185 basehttp 154 "GET /login/ HTTP/1.1" 200 3926
INFO 2019-06-13 15:20:31,289 basehttp 154 "GET /login/ HTTP/1.1" 200 3926
INFO 2019-06-13 15:20:35,476 basehttp 154 "GET /login/ HTTP/1.1" 200 3989
INFO 2019-06-13 15:20:59,055 basehttp 154 "GET /login/ HTTP/1.1" 200 3926
INFO 2019-06-13 15:21:00,599 basehttp 154 "GET /login/ HTTP/1.1" 200 3926
INFO 2019-06-13 15:21:52,645 basehttp 154 "GET /login/ HTTP/1.1" 200 3926
INFO 2019-06-13 15:21:52,670 basehttp 154 "GET /static/css/base/reset.css HTTP/1.1" 200 1427
INFO 2019-06-13 15:21:52,676 basehttp 154 "GET /static/css/base/common.css HTTP/1.1" 200 3498
INFO 2019-06-13 15:21:52,677 basehttp 154 "GET /static/js/commons.js HTTP/1.1" 200 2421
INFO 2019-06-13 15:21:52,680 basehttp 154 "GET /static/css/authPro/auth.css HTTP/1.1" 200 3286
INFO 2019-06-13 15:25:26,090 basehttp 154 "GET /login/ HTTP/1.1" 200 2534
INFO 2019-06-13 15:25:45,123 basehttp 154 "GET /login/ HTTP/1.1" 200 3441
WARNING 2019-06-13 15:28:53,576 log 228 Not Found: /user/login
WARNING 2019-06-13 15:28:53,580 basehttp 154 "GET /user/login HTTP/1.1" 404 2090
WARNING 2019-06-13 15:28:59,313 log 228 Not Found: /users/login
WARNING 2019-06-13 15:28:59,315 basehttp 154 "GET /users/login HTTP/1.1" 404 2330
INFO 2019-06-13 15:30:45,377 basehttp 154 "GET /users/login HTTP/1.1" 301 0
INFO 2019-06-13 15:30:45,429 basehttp 154 "GET /users/login/ HTTP/1.1" 200 3441
INFO 2019-06-13 15:30:53,058 basehttp 154 "GET /users/register HTTP/1.1" 301 0
INFO 2019-06-13 15:30:53,108 basehttp 154 "GET /users/register/ HTTP/1.1" 200 4205
INFO 2019-06-13 15:30:53,125 basehttp 154 "GET /static/images/captcha.png HTTP/1.1" 200 4296
INFO 2019-06-13 15:31:01,889 basehttp 154 "GET /news/index HTTP/1.1" 301 0
INFO 2019-06-13 15:31:01,938 basehttp 154 "GET /news/index/ HTTP/1.1" 200 16966
INFO 2019-06-13 15:31:11,842 basehttp 154 "GET /news/index/ HTTP/1.1" 200 16966
INFO 2019-06-13 15:31:34,895 basehttp 154 "GET /news/index/ HTTP/1.1" 200 13491
INFO 2019-06-13 15:31:52,477 basehttp 154 "GET /news/index/ HTTP/1.1" 200 16994
INFO 2019-06-13 15:31:54,568 basehttp 154 "GET /news/index/ HTTP/1.1" 200 16994
INFO 2019-06-13 15:31:55,436 basehttp 154 "GET /news/index/ HTTP/1.1" 200 16994
INFO 2019-06-13 15:32:22,521 basehttp 154 "GET /news/index/ HTTP/1.1" 200 16994
INFO 2019-06-13 15:32:43,764 basehttp 154 "GET /news/index/ HTTP/1.1" 200 17057
INFO 2019-06-13 15:32:43,780 basehttp 154 "GET /static/css/base/side.css HTTP/1.1" 304 0
WARNING 2019-06-13 15:34:16,954 log 228 Not Found: /user/login
WARNING 2019-06-13 15:34:16,955 basehttp 154 "GET /user/login HTTP/1.1" 404 2089
INFO 2019-06-13 15:34:20,505 basehttp 154 "GET /users/login/ HTTP/1.1" 200 3441
INFO 2019-06-13 15:35:02,425 basehttp 154 "GET /news/index/ HTTP/1.1" 200 17057
WARNING 2019-06-13 15:35:21,499 log 228 Not Found: /user/resgiter
WARNING 2019-06-13 15:35:21,500 basehttp 154 "GET /user/resgiter HTTP/1.1" 404 2098
WARNING 2019-06-13 15:35:27,358 log 228 Not Found: /user/register
WARNING 2019-06-13 15:35:27,361 basehttp 154 "GET /user/register HTTP/1.1" 404 2098
WARNING 2019-06-13 15:35:32,338 log 228 Not Found: /user/register
WARNING 2019-06-13 15:35:32,339 basehttp 154 "GET /user/register HTTP/1.1" 404 2098
INFO 2019-06-13 15:35:36,967 basehttp 154 "GET /users/register/ HTTP/1.1" 200 4205
